# JRE version: OpenJDK Runtime Environment Temurin-21.0.8+9 (21.0.8+9) (build 21.0.8+9-LTS)
# Java VM: OpenJDK 64-Bit Server VM Temurin-21.0.8+9 (21.0.8+9-LTS, mixed mode, sharing, tiered, compressed oops, compressed class ptrs, parallel gc, windows-amd64)
GC Precious Log:
 CardTable entry size: 512
 CPUs: 16 total, 16 available
 Memory: 5989M
 Large Page Support: Disabled
 NUMA Support: Disabled
 Compressed Oops: Enabled (32-bit)
 Alignments: Space 512K, Generation 512K, Heap 2M
 Heap Min Capacity: 100M
 Heap Initial Capacity: 100M
 Heap Max Capacity: 2G
 Pre-touch: Disabled
 Parallel Workers: 13
Heap:
 PSYoungGen      total 11776K, used 10139K [0x00000000d5580000, 0x00000000d6200000, 0x0000000100000000)
  eden space 11264K, 88% used [0x00000000d5580000,0x00000000d5f3eff0,0x00000000d6080000)
  from space 512K, 31% used [0x00000000d6180000,0x00000000d61a8000,0x00000000d6200000)
  to   space 512K, 0% used [0x00000000d6100000,0x00000000d6100000,0x00000000d6180000)
 ParOldGen       total 163328K, used 163245K [0x0000000080000000, 0x0000000089f80000, 0x00000000d5580000)
  object space 163328K, 99% used [0x0000000080000000,0x0000000089f6b5e8,0x0000000089f80000)
 Metaspace       used 93936K, committed 95488K, reserved 1179648K
  class space    used 9188K, committed 9920K, reserved 1048576K
GC Heap History (20 events):
Event: 509115.416 GC heap before
{Heap before GC invocations=18455 (full 12):
 PSYoungGen      total 11776K, used 11776K [0x00000000d5580000, 0x00000000d6280000, 0x0000000100000000)
  eden space 11264K, 100% used [0x00000000d5580000,0x00000000d6080000,0x00000000d6080000)
  from space 512K, 100% used [0x00000000d6180000,0x00000000d6200000,0x00000000d6200000)
  to   space 1024K, 0% used [0x00000000d6080000,0x00000000d6080000,0x00000000d6180000)
 ParOldGen       total 162816K, used 162613K [0x0000000080000000, 0x0000000089f00000, 0x00000000d5580000)
  object space 162816K, 99% used [0x0000000080000000,0x0000000089ecd5d8,0x0000000089f00000)
 Metaspace       used 93933K, committed 95488K, reserved 1179648K
  class space    used 9188K, committed 9920K, reserved 1048576K
}
Event: 509115.586 GC heap after
{Heap after GC invocations=18455 (full 12):
 PSYoungGen      total 12288K, used 288K [0x00000000d5580000, 0x00000000d6200000, 0x0000000100000000)
  eden space 11264K, 0% used [0x00000000d5580000,0x00000000d5580000,0x00000000d6080000)
  from space 1024K, 28% used [0x00000000d6080000,0x00000000d60c8000,0x00000000d6180000)
  to   space 512K, 0% used [0x00000000d6180000,0x00000000d6180000,0x00000000d6200000)
 ParOldGen       total 163328K, used 163069K [0x0000000080000000, 0x0000000089f80000, 0x00000000d5580000)
  object space 163328K, 99% used [0x0000000080000000,0x0000000089f3f5e8,0x0000000089f80000)
 Metaspace       used 93933K, committed 95488K, reserved 1179648K
  class space    used 9188K, committed 9920K, reserved 1048576K
}
Event: 509115.685 GC heap before
{Heap before GC invocations=18456 (full 12):
 PSYoungGen      total 12288K, used 11552K [0x00000000d5580000, 0x00000000d6200000, 0x0000000100000000)
  eden space 11264K, 100% used [0x00000000d5580000,0x00000000d6080000,0x00000000d6080000)
  from space 1024K, 28% used [0x00000000d6080000,0x00000000d60c8000,0x00000000d6180000)
  to   space 512K, 0% used [0x00000000d6180000,0x00000000d6180000,0x00000000d6200000)
 ParOldGen       total 163328K, used 163069K [0x0000000080000000, 0x0000000089f80000, 0x00000000d5580000)
  object space 163328K, 99% used [0x0000000080000000,0x0000000089f3f5e8,0x0000000089f80000)
 Metaspace       used 93933K, committed 95488K, reserved 1179648K
  class space    used 9188K, committed 9920K, reserved 1048576K
}
Event: 509115.696 GC heap after
{Heap after GC invocations=18456 (full 12):
 PSYoungGen      total 11776K, used 128K [0x00000000d5580000, 0x00000000d6200000, 0x0000000100000000)
  eden space 11264K, 0% used [0x00000000d5580000,0x00000000d5580000,0x00000000d6080000)
  from space 512K, 25% used [0x00000000d6180000,0x00000000d61a0000,0x00000000d6200000)
  to   space 512K, 0% used [0x00000000d6100000,0x00000000d6100000,0x00000000d6180000)
 ParOldGen       total 163328K, used 163117K [0x0000000080000000, 0x0000000089f80000, 0x00000000d5580000)
  object space 163328K, 99% used [0x0000000080000000,0x0000000089f4b5e8,0x0000000089f80000)
 Metaspace       used 93933K, committed 95488K, reserved 1179648K
  class space    used 9188K, committed 9920K, reserved 1048576K
}
Event: 509115.732 GC heap before
{Heap before GC invocations=18457 (full 12):
 PSYoungGen      total 11776K, used 11392K [0x00000000d5580000, 0x00000000d6200000, 0x0000000100000000)
  eden space 11264K, 100% used [0x00000000d5580000,0x00000000d6080000,0x00000000d6080000)
  from space 512K, 25% used [0x00000000d6180000,0x00000000d61a0000,0x00000000d6200000)
  to   space 512K, 0% used [0x00000000d6100000,0x00000000d6100000,0x00000000d6180000)
 ParOldGen       total 163328K, used 163117K [0x0000000080000000, 0x0000000089f80000, 0x00000000d5580000)
  object space 163328K, 99% used [0x0000000080000000,0x0000000089f4b5e8,0x0000000089f80000)
 Metaspace       used 93933K, committed 95488K, reserved 1179648K
  class space    used 9188K, committed 9920K, reserved 1048576K
}
Event: 509115.735 GC heap after
{Heap after GC invocations=18457 (full 12):
 PSYoungGen      total 11776K, used 32K [0x00000000d5580000, 0x00000000d6200000, 0x0000000100000000)
  eden space 11264K, 0% used [0x00000000d5580000,0x00000000d5580000,0x00000000d6080000)
  from space 512K, 6% used [0x00000000d6100000,0x00000000d6108000,0x00000000d6180000)
  to   space 512K, 0% used [0x00000000d6180000,0x00000000d6180000,0x00000000d6200000)
 ParOldGen       total 163328K, used 163165K [0x0000000080000000, 0x0000000089f80000, 0x00000000d5580000)
  object space 163328K, 99% used [0x0000000080000000,0x0000000089f575e8,0x0000000089f80000)
 Metaspace       used 93933K, committed 95488K, reserved 1179648K
  class space    used 9188K, committed 9920K, reserved 1048576K
}
Event: 509115.763 GC heap before
{Heap before GC invocations=18458 (full 12):
 PSYoungGen      total 11776K, used 11296K [0x00000000d5580000, 0x00000000d6200000, 0x0000000100000000)
  eden space 11264K, 100% used [0x00000000d5580000,0x00000000d6080000,0x00000000d6080000)
  from space 512K, 6% used [0x00000000d6100000,0x00000000d6108000,0x00000000d6180000)
  to   space 512K, 0% used [0x00000000d6180000,0x00000000d6180000,0x00000000d6200000)
 ParOldGen       total 163328K, used 163165K [0x0000000080000000, 0x0000000089f80000, 0x00000000d5580000)
  object space 163328K, 99% used [0x0000000080000000,0x0000000089f575e8,0x0000000089f80000)
 Metaspace       used 93933K, committed 95488K, reserved 1179648K
  class space    used 9188K, committed 9920K, reserved 1048576K
}
Event: 509115.774 GC heap after
{Heap after GC invocations=18458 (full 12):
 PSYoungGen      total 11776K, used 64K [0x00000000d5580000, 0x00000000d6200000, 0x0000000100000000)
  eden space 11264K, 0% used [0x00000000d5580000,0x00000000d5580000,0x00000000d6080000)
  from space 512K, 12% used [0x00000000d6180000,0x00000000d6190000,0x00000000d6200000)
  to   space 512K, 0% used [0x00000000d6100000,0x00000000d6100000,0x00000000d6180000)
 ParOldGen       total 163328K, used 163165K [0x0000000080000000, 0x0000000089f80000, 0x00000000d5580000)
  object space 163328K, 99% used [0x0000000080000000,0x0000000089f575e8,0x0000000089f80000)
 Metaspace       used 93933K, committed 95488K, reserved 1179648K
  class space    used 9188K, committed 9920K, reserved 1048576K
}
Event: 509115.826 GC heap before
{Heap before GC invocations=18459 (full 12):
 PSYoungGen      total 11776K, used 11328K [0x00000000d5580000, 0x00000000d6200000, 0x0000000100000000)
  eden space 11264K, 100% used [0x00000000d5580000,0x00000000d6080000,0x00000000d6080000)
  from space 512K, 12% used [0x00000000d6180000,0x00000000d6190000,0x00000000d6200000)
  to   space 512K, 0% used [0x00000000d6100000,0x00000000d6100000,0x00000000d6180000)
 ParOldGen       total 163328K, used 163165K [0x0000000080000000, 0x0000000089f80000, 0x00000000d5580000)
  object space 163328K, 99% used [0x0000000080000000,0x0000000089f575e8,0x0000000089f80000)
 Metaspace       used 93933K, committed 95488K, reserved 1179648K
  class space    used 9188K, committed 9920K, reserved 1048576K
}
Event: 509115.830 GC heap after
{Heap after GC invocations=18459 (full 12):
 PSYoungGen      total 11776K, used 32K [0x00000000d5580000, 0x00000000d6200000, 0x0000000100000000)
  eden space 11264K, 0% used [0x00000000d5580000,0x00000000d5580000,0x00000000d6080000)
  from space 512K, 6% used [0x00000000d6100000,0x00000000d6108000,0x00000000d6180000)
  to   space 512K, 0% used [0x00000000d6180000,0x00000000d6180000,0x00000000d6200000)
 ParOldGen       total 163328K, used 163181K [0x0000000080000000, 0x0000000089f80000, 0x00000000d5580000)
  object space 163328K, 99% used [0x0000000080000000,0x0000000089f5b5e8,0x0000000089f80000)
 Metaspace       used 93933K, committed 95488K, reserved 1179648K
  class space    used 9188K, committed 9920K, reserved 1048576K
}
Event: 509115.852 GC heap before
{Heap before GC invocations=18460 (full 12):
 PSYoungGen      total 11776K, used 11296K [0x00000000d5580000, 0x00000000d6200000, 0x0000000100000000)
  eden space 11264K, 100% used [0x00000000d5580000,0x00000000d6080000,0x00000000d6080000)
  from space 512K, 6% used [0x00000000d6100000,0x00000000d6108000,0x00000000d6180000)
  to   space 512K, 0% used [0x00000000d6180000,0x00000000d6180000,0x00000000d6200000)
 ParOldGen       total 163328K, used 163181K [0x0000000080000000, 0x0000000089f80000, 0x00000000d5580000)
  object space 163328K, 99% used [0x0000000080000000,0x0000000089f5b5e8,0x0000000089f80000)
 Metaspace       used 93933K, committed 95488K, reserved 1179648K
  class space    used 9188K, committed 9920K, reserved 1048576K
}
Event: 509115.857 GC heap after
{Heap after GC invocations=18460 (full 12):
 PSYoungGen      total 11776K, used 96K [0x00000000d5580000, 0x00000000d6200000, 0x0000000100000000)
  eden space 11264K, 0% used [0x00000000d5580000,0x00000000d5580000,0x00000000d6080000)
  from space 512K, 18% used [0x00000000d6180000,0x00000000d6198000,0x00000000d6200000)
  to   space 512K, 0% used [0x00000000d6100000,0x00000000d6100000,0x00000000d6180000)
 ParOldGen       total 163328K, used 163181K [0x0000000080000000, 0x0000000089f80000, 0x00000000d5580000)
  object space 163328K, 99% used [0x0000000080000000,0x0000000089f5b5e8,0x0000000089f80000)
 Metaspace       used 93933K, committed 95488K, reserved 1179648K
  class space    used 9188K, committed 9920K, reserved 1048576K
}
Event: 509115.877 GC heap before
{Heap before GC invocations=18461 (full 12):
 PSYoungGen      total 11776K, used 11360K [0x00000000d5580000, 0x00000000d6200000, 0x0000000100000000)
  eden space 11264K, 100% used [0x00000000d5580000,0x00000000d6080000,0x00000000d6080000)
  from space 512K, 18% used [0x00000000d6180000,0x00000000d6198000,0x00000000d6200000)
  to   space 512K, 0% used [0x00000000d6100000,0x00000000d6100000,0x00000000d6180000)
 ParOldGen       total 163328K, used 163181K [0x0000000080000000, 0x0000000089f80000, 0x00000000d5580000)
  object space 163328K, 99% used [0x0000000080000000,0x0000000089f5b5e8,0x0000000089f80000)
 Metaspace       used 93933K, committed 95488K, reserved 1179648K
  class space    used 9188K, committed 9920K, reserved 1048576K
}
Event: 509115.881 GC heap after
{Heap after GC invocations=18461 (full 12):
 PSYoungGen      total 11776K, used 64K [0x00000000d5580000, 0x00000000d6200000, 0x0000000100000000)
  eden space 11264K, 0% used [0x00000000d5580000,0x00000000d5580000,0x00000000d6080000)
  from space 512K, 12% used [0x00000000d6100000,0x00000000d6110000,0x00000000d6180000)
  to   space 512K, 0% used [0x00000000d6180000,0x00000000d6180000,0x00000000d6200000)
 ParOldGen       total 163328K, used 163189K [0x0000000080000000, 0x0000000089f80000, 0x00000000d5580000)
  object space 163328K, 99% used [0x0000000080000000,0x0000000089f5d5e8,0x0000000089f80000)
 Metaspace       used 93933K, committed 95488K, reserved 1179648K
  class space    used 9188K, committed 9920K, reserved 1048576K
}
Event: 509115.922 GC heap before
{Heap before GC invocations=18462 (full 12):
 PSYoungGen      total 11776K, used 11328K [0x00000000d5580000, 0x00000000d6200000, 0x0000000100000000)
  eden space 11264K, 100% used [0x00000000d5580000,0x00000000d6080000,0x00000000d6080000)
  from space 512K, 12% used [0x00000000d6100000,0x00000000d6110000,0x00000000d6180000)
  to   space 512K, 0% used [0x00000000d6180000,0x00000000d6180000,0x00000000d6200000)
 ParOldGen       total 163328K, used 163189K [0x0000000080000000, 0x0000000089f80000, 0x00000000d5580000)
  object space 163328K, 99% used [0x0000000080000000,0x0000000089f5d5e8,0x0000000089f80000)
 Metaspace       used 93933K, committed 95488K, reserved 1179648K
  class space    used 9188K, committed 9920K, reserved 1048576K
}
Event: 509115.925 GC heap after
{Heap after GC invocations=18462 (full 12):
 PSYoungGen      total 11776K, used 96K [0x00000000d5580000, 0x00000000d6200000, 0x0000000100000000)
  eden space 11264K, 0% used [0x00000000d5580000,0x00000000d5580000,0x00000000d6080000)
  from space 512K, 18% used [0x00000000d6180000,0x00000000d6198000,0x00000000d6200000)
  to   space 512K, 0% used [0x00000000d6100000,0x00000000d6100000,0x00000000d6180000)
 ParOldGen       total 163328K, used 163197K [0x0000000080000000, 0x0000000089f80000, 0x00000000d5580000)
  object space 163328K, 99% used [0x0000000080000000,0x0000000089f5f5e8,0x0000000089f80000)
 Metaspace       used 93933K, committed 95488K, reserved 1179648K
  class space    used 9188K, committed 9920K, reserved 1048576K
}
Event: 509115.943 GC heap before
{Heap before GC invocations=18463 (full 12):
 PSYoungGen      total 11776K, used 11360K [0x00000000d5580000, 0x00000000d6200000, 0x0000000100000000)
  eden space 11264K, 100% used [0x00000000d5580000,0x00000000d6080000,0x00000000d6080000)
  from space 512K, 18% used [0x00000000d6180000,0x00000000d6198000,0x00000000d6200000)
  to   space 512K, 0% used [0x00000000d6100000,0x00000000d6100000,0x00000000d6180000)
 ParOldGen       total 163328K, used 163197K [0x0000000080000000, 0x0000000089f80000, 0x00000000d5580000)
  object space 163328K, 99% used [0x0000000080000000,0x0000000089f5f5e8,0x0000000089f80000)
 Metaspace       used 93933K, committed 95488K, reserved 1179648K
  class space    used 9188K, committed 9920K, reserved 1048576K
}
Event: 509115.948 GC heap after
{Heap after GC invocations=18463 (full 12):
 PSYoungGen      total 11776K, used 128K [0x00000000d5580000, 0x00000000d6200000, 0x0000000100000000)
  eden space 11264K, 0% used [0x00000000d5580000,0x00000000d5580000,0x00000000d6080000)
  from space 512K, 25% used [0x00000000d6100000,0x00000000d6120000,0x00000000d6180000)
  to   space 512K, 0% used [0x00000000d6180000,0x00000000d6180000,0x00000000d6200000)
 ParOldGen       total 163328K, used 163197K [0x0000000080000000, 0x0000000089f80000, 0x00000000d5580000)
  object space 163328K, 99% used [0x0000000080000000,0x0000000089f5f5e8,0x0000000089f80000)
 Metaspace       used 93933K, committed 95488K, reserved 1179648K
  class space    used 9188K, committed 9920K, reserved 1048576K
}
Event: 509115.984 GC heap before
{Heap before GC invocations=18464 (full 12):
 PSYoungGen      total 11776K, used 11392K [0x00000000d5580000, 0x00000000d6200000, 0x0000000100000000)
  eden space 11264K, 100% used [0x00000000d5580000,0x00000000d6080000,0x00000000d6080000)
  from space 512K, 25% used [0x00000000d6100000,0x00000000d6120000,0x00000000d6180000)
  to   space 512K, 0% used [0x00000000d6180000,0x00000000d6180000,0x00000000d6200000)
 ParOldGen       total 163328K, used 163197K [0x0000000080000000, 0x0000000089f80000, 0x00000000d5580000)
  object space 163328K, 99% used [0x0000000080000000,0x0000000089f5f5e8,0x0000000089f80000)
 Metaspace       used 93933K, committed 95488K, reserved 1179648K
  class space    used 9188K, committed 9920K, reserved 1048576K
}
Event: 509115.989 GC heap after
{Heap after GC invocations=18464 (full 12):
 PSYoungGen      total 11776K, used 160K [0x00000000d5580000, 0x00000000d6200000, 0x0000000100000000)
  eden space 11264K, 0% used [0x00000000d5580000,0x00000000d5580000,0x00000000d6080000)
  from space 512K, 31% used [0x00000000d6180000,0x00000000d61a8000,0x00000000d6200000)
  to   space 512K, 0% used [0x00000000d6100000,0x00000000d6100000,0x00000000d6180000)
 ParOldGen       total 163328K, used 163245K [0x0000000080000000, 0x0000000089f80000, 0x00000000d5580000)
  object space 163328K, 99% used [0x0000000080000000,0x0000000089f6b5e8,0x0000000089f80000)
 Metaspace       used 93933K, committed 95488K, reserved 1179648K
  class space    used 9188K, committed 9920K, reserved 1048576K
}

